########################################################################
#CPU PERCENT:[23.255813944083535]
#MEM INFO:{"total":59002880,"available":25804800,"used":29732864,"usedPercent":50.39222492190212,"free":1572864,"active":19357696,"inactive":13996032,"wired":0,"laundry":0,"buffers":970752,"cached":26726400,"writeback":0,"dirty":249856,"writebacktmp":0,"shared":20480,"slab":6889472,"sreclaimable":1720320,"sunreclaim":5169152,"pagetables":1003520,"swapcached":1138688,"commitlimit":130158592,"committedas":151752704,"hightotal":0,"highfree":0,"lowtotal":0,"lowfree":0,"swaptotal":100659200,"swapfree":81571840,"mapped":19910656,"vmalloctotal":989855744,"vmallocused":0,"vmallocchunk":0,"hugepagestotal":0,"hugepagesfree":0,"hugepagesize":0}
#IO mmcblk0p2:{"readCount":223482,"mergedReadCount":29919,"writeCount":1319895,"mergedWriteCount":174040,"readBytes":6000718848,"writeBytes":7476695040,"readTime":1512820,"writeTime":45041920,"iopsInProgress":0,"ioTime":3659470,"weightedIO":46515610,"name":"mmcblk0p2","serialNumber":"","label":""}
#IO zram0:{"readCount":151965,"mergedReadCount":0,"writeCount":418716,"mergedWriteCount":0,"readBytes":622448640,"writeBytes":1714843648,"readTime":73970,"writeTime":663210,"iopsInProgress":0,"ioTime":488590,"weightedIO":737430,"name":"zram0","serialNumber":"","label":""}
#IO mmcblk0:{"readCount":223681,"mergedReadCount":29923,"writeCount":1319896,"mergedWriteCount":174040,"readBytes":6005711872,"writeBytes":7476695552,"readTime":1513850,"writeTime":45041940,"iopsInProgress":0,"ioTime":3659970,"weightedIO":46516150,"name":"mmcblk0","serialNumber":"","label":""}
#IO mmcblk0p1:{"readCount":104,"mergedReadCount":4,"writeCount":1,"mergedWriteCount":0,"readBytes":1253376,"writeBytes":512,"readTime":440,"writeTime":20,"iopsInProgress":0,"ioTime":330,"weightedIO":430,"name":"mmcblk0p1","serialNumber":"","label":""}
########################################################################
#CPU PERCENT:[32.95454544928392]
#MEM INFO:{"total":59002880,"available":25829376,"used":29724672,"usedPercent":50.378340853870185,"free":5140480,"active":18223104,"inactive":11468800,"wired":0,"laundry":0,"buffers":1032192,"cached":23105536,"writeback":0,"dirty":172032,"writebacktmp":0,"shared":8192,"slab":6852608,"sreclaimable":1712128,"sunreclaim":5140480,"pagetables":1003520,"swapcached":1077248,"commitlimit":130158592,"committedas":151752704,"hightotal":0,"highfree":0,"lowtotal":0,"lowfree":0,"swaptotal":100659200,"swapfree":81309696,"mapped":17596416,"vmalloctotal":989855744,"vmallocused":0,"vmallocchunk":0,"hugepagestotal":0,"hugepagesfree":0,"hugepagesize":0}
#IO mmcblk0:{"readCount":223750,"mergedReadCount":29923,"writeCount":1319991,"mergedWriteCount":174071,"readBytes":6007436288,"writeBytes":7477281280,"readTime":1514250,"writeTime":45045900,"iopsInProgress":0,"ioTime":3660510,"weightedIO":46520510,"name":"mmcblk0","serialNumber":"","label":""}
#IO mmcblk0p1:{"readCount":104,"mergedReadCount":4,"writeCount":1,"mergedWriteCount":0,"readBytes":1253376,"writeBytes":512,"readTime":440,"writeTime":20,"iopsInProgress":0,"ioTime":330,"weightedIO":430,"name":"mmcblk0p1","serialNumber":"","label":""}
#IO mmcblk0p2:{"readCount":223551,"mergedReadCount":29919,"writeCount":1319990,"mergedWriteCount":174071,"readBytes":6002443264,"writeBytes":7477280768,"readTime":1513220,"writeTime":45045880,"iopsInProgress":0,"ioTime":3660010,"weightedIO":46519970,"name":"mmcblk0p2","serialNumber":"","label":""}
#IO zram0:{"readCount":151975,"mergedReadCount":0,"writeCount":418822,"mergedWriteCount":0,"readBytes":622489600,"writeBytes":1715277824,"readTime":73970,"writeTime":663370,"iopsInProgress":0,"ioTime":488750,"weightedIO":737590,"name":"zram0","serialNumber":"","label":""}
########################################################################
#CPU PERCENT:[24.418604650690583]
#MEM INFO:{"total":59002880,"available":27086848,"used":28467200,"usedPercent":48.247136410968416,"free":1572864,"active":21012480,"inactive":12455936,"wired":0,"laundry":0,"buffers":311296,"cached":28651520,"writeback":0,"dirty":176128,"writebacktmp":0,"shared":8192,"slab":6873088,"sreclaimable":1708032,"sunreclaim":5165056,"pagetables":921600,"swapcached":1077248,"commitlimit":130158592,"committedas":149016576,"hightotal":0,"highfree":0,"lowtotal":0,"lowfree":0,"swaptotal":100659200,"swapfree":81309696,"mapped":20140032,"vmalloctotal":989855744,"vmallocused":0,"vmallocchunk":0,"hugepagestotal":0,"hugepagesfree":0,"hugepagesize":0}
#IO zram0:{"readCount":152228,"mergedReadCount":0,"writeCount":419036,"mergedWriteCount":0,"readBytes":623525888,"writeBytes":1716154368,"readTime":74090,"writeTime":663870,"iopsInProgress":0,"ioTime":489270,"weightedIO":738200,"name":"zram0","serialNumber":"","label":""}
#IO mmcblk0:{"readCount":224045,"mergedReadCount":29923,"writeCount":1320066,"mergedWriteCount":174095,"readBytes":6016238592,"writeBytes":7477776896,"readTime":1516690,"writeTime":45047570,"iopsInProgress":0,"ioTime":3661530,"weightedIO":46524610,"name":"mmcblk0","serialNumber":"","label":""}
#IO mmcblk0p1:{"readCount":104,"mergedReadCount":4,"writeCount":1,"mergedWriteCount":0,"readBytes":1253376,"writeBytes":512,"readTime":440,"writeTime":20,"iopsInProgress":0,"ioTime":330,"weightedIO":430,"name":"mmcblk0p1","serialNumber":"","label":""}
#IO mmcblk0p2:{"readCount":223846,"mergedReadCount":29919,"writeCount":1320065,"mergedWriteCount":174095,"readBytes":6011245568,"writeBytes":7477776384,"readTime":1515660,"writeTime":45047550,"iopsInProgress":0,"ioTime":3661030,"weightedIO":46524070,"name":"mmcblk0p2","serialNumber":"","label":""}
########################################################################
#CPU PERCENT:[18.072289154302933]
#MEM INFO:{"total":59002880,"available":27185152,"used":28372992,"usedPercent":48.087469628601184,"free":5074944,"active":17661952,"inactive":12275712,"wired":0,"laundry":0,"buffers":180224,"cached":25374720,"writeback":0,"dirty":217088,"writebacktmp":0,"shared":8192,"slab":6868992,"sreclaimable":1708032,"sunreclaim":5160960,"pagetables":921600,"swapcached":1081344,"commitlimit":130158592,"committedas":149016576,"hightotal":0,"highfree":0,"lowtotal":0,"lowfree":0,"swaptotal":100659200,"swapfree":81309696,"mapped":18092032,"vmalloctotal":989855744,"vmallocused":0,"vmallocchunk":0,"hugepagestotal":0,"hugepagesfree":0,"hugepagesize":0}
#IO zram0:{"readCount":152235,"mergedReadCount":0,"writeCount":419087,"mergedWriteCount":0,"readBytes":623554560,"writeBytes":1716363264,"readTime":74090,"writeTime":663940,"iopsInProgress":0,"ioTime":489340,"weightedIO":738270,"name":"zram0","serialNumber":"","label":""}
#IO mmcblk0:{"readCount":224135,"mergedReadCount":29923,"writeCount":1320127,"mergedWriteCount":174129,"readBytes":6018143232,"writeBytes":7478211072,"readTime":1517200,"writeTime":45049240,"iopsInProgress":0,"ioTime":3661940,"weightedIO":46526790,"name":"mmcblk0","serialNumber":"","label":""}
#IO mmcblk0p1:{"readCount":104,"mergedReadCount":4,"writeCount":1,"mergedWriteCount":0,"readBytes":1253376,"writeBytes":512,"readTime":440,"writeTime":20,"iopsInProgress":0,"ioTime":330,"weightedIO":430,"name":"mmcblk0p1","serialNumber":"","label":""}
#IO mmcblk0p2:{"readCount":223936,"mergedReadCount":29919,"writeCount":1320126,"mergedWriteCount":174129,"readBytes":6013150208,"writeBytes":7478210560,"readTime":1516170,"writeTime":45049220,"iopsInProgress":0,"ioTime":3661440,"weightedIO":46526250,"name":"mmcblk0p2","serialNumber":"","label":""}
########################################################################
#CPU PERCENT:[76.84210526649557]
#MEM INFO:{"total":59002880,"available":26902528,"used":28659712,"usedPercent":48.573412009718844,"free":1568768,"active":23621632,"inactive":10117120,"wired":0,"laundry":0,"buffers":471040,"cached":28303360,"writeback":0,"dirty":8192,"writebacktmp":0,"shared":8192,"slab":6836224,"sreclaimable":1699840,"sunreclaim":5136384,"pagetables":835584,"swapcached":1064960,"commitlimit":130158592,"committedas":146051072,"hightotal":0,"highfree":0,"lowtotal":0,"lowfree":0,"swaptotal":100659200,"swapfree":82096128,"mapped":19247104,"vmalloctotal":989855744,"vmallocused":0,"vmallocchunk":0,"hugepagestotal":0,"hugepagesfree":0,"hugepagesize":0}
#IO zram0:{"readCount":152365,"mergedReadCount":0,"writeCount":419094,"mergedWriteCount":0,"readBytes":624087040,"writeBytes":1716391936,"readTime":74120,"writeTime":663970,"iopsInProgress":0,"ioTime":489400,"weightedIO":738330,"name":"zram0","serialNumber":"","label":""}
#IO mmcblk0:{"readCount":224319,"mergedReadCount":29963,"writeCount":1320261,"mergedWriteCount":174158,"readBytes":6023980032,"writeBytes":7479046656,"readTime":1518470,"writeTime":45058670,"iopsInProgress":0,"ioTime":3663140,"weightedIO":46537480,"name":"mmcblk0","serialNumber":"","label":""}
#IO mmcblk0p1:{"readCount":104,"mergedReadCount":4,"writeCount":1,"mergedWriteCount":0,"readBytes":1253376,"writeBytes":512,"readTime":440,"writeTime":20,"iopsInProgress":0,"ioTime":330,"weightedIO":430,"name":"mmcblk0p1","serialNumber":"","label":""}
#IO mmcblk0p2:{"readCount":224120,"mergedReadCount":29959,"writeCount":1320260,"mergedWriteCount":174158,"readBytes":6018987008,"writeBytes":7479046144,"readTime":1517440,"writeTime":45058650,"iopsInProgress":0,"ioTime":3662640,"weightedIO":46536940,"name":"mmcblk0p2","serialNumber":"","label":""}
########################################################################
#CPU PERCENT:[24.418604652225262]
#MEM INFO:{"total":59002880,"available":27926528,"used":27635712,"usedPercent":46.837903505727176,"free":4292608,"active":20189184,"inactive":10907648,"wired":0,"laundry":0,"buffers":499712,"cached":26574848,"writeback":0,"dirty":180224,"writebacktmp":0,"shared":8192,"slab":6823936,"sreclaimable":1699840,"sunreclaim":5124096,"pagetables":827392,"swapcached":1048576,"commitlimit":130158592,"committedas":146051072,"hightotal":0,"highfree":0,"lowtotal":0,"lowfree":0,"swaptotal":100659200,"swapfree":82096128,"mapped":18243584,"vmalloctotal":989855744,"vmallocused":0,"vmallocchunk":0,"hugepagestotal":0,"hugepagesfree":0,"hugepagesize":0}
#IO zram0:{"readCount":152372,"mergedReadCount":0,"writeCount":419107,"mergedWriteCount":0,"readBytes":624115712,"writeBytes":1716445184,"readTime":74120,"writeTime":663990,"iopsInProgress":0,"ioTime":489420,"weightedIO":738350,"name":"zram0","serialNumber":"","label":""}
#IO mmcblk0:{"readCount":224407,"mergedReadCount":29963,"writeCount":1320301,"mergedWriteCount":174179,"readBytes":6025946112,"writeBytes":7479333376,"readTime":1519180,"writeTime":45060060,"iopsInProgress":0,"ioTime":3663490,"weightedIO":46539580,"name":"mmcblk0","serialNumber":"","label":""}
#IO mmcblk0p1:{"readCount":104,"mergedReadCount":4,"writeCount":1,"mergedWriteCount":0,"readBytes":1253376,"writeBytes":512,"readTime":440,"writeTime":20,"iopsInProgress":0,"ioTime":330,"weightedIO":430,"name":"mmcblk0p1","serialNumber":"","label":""}
#IO mmcblk0p2:{"readCount":224208,"mergedReadCount":29959,"writeCount":1320300,"mergedWriteCount":174179,"readBytes":6020953088,"writeBytes":7479332864,"readTime":1518150,"writeTime":45060040,"iopsInProgress":0,"ioTime":3662990,"weightedIO":46539040,"name":"mmcblk0p2","serialNumber":"","label":""}
########################################################################
#CPU PERCENT:[33.33333332831543]
#MEM INFO:{"total":59002880,"available":27672576,"used":27889664,"usedPercent":47.26830961471711,"free":5459968,"active":20713472,"inactive":9175040,"wired":0,"laundry":0,"buffers":319488,"cached":25333760,"writeback":0,"dirty":217088,"writebacktmp":0,"shared":8192,"slab":6819840,"sreclaimable":1699840,"sunreclaim":5120000,"pagetables":839680,"swapcached":1048576,"commitlimit":130158592,"committedas":146051072,"hightotal":0,"highfree":0,"lowtotal":0,"lowfree":0,"swaptotal":100659200,"swapfree":82096128,"mapped":17862656,"vmalloctotal":989855744,"vmallocused":0,"vmallocchunk":0,"hugepagestotal":0,"hugepagesfree":0,"hugepagesize":0}
#IO zram0:{"readCount":152372,"mergedReadCount":0,"writeCount":419107,"mergedWriteCount":0,"readBytes":624115712,"writeBytes":1716445184,"readTime":74120,"writeTime":663990,"iopsInProgress":0,"ioTime":489420,"weightedIO":738350,"name":"zram0","serialNumber":"","label":""}
#IO mmcblk0:{"readCount":224430,"mergedReadCount":29963,"writeCount":1320378,"mergedWriteCount":174209,"readBytes":6026441728,"writeBytes":7479853568,"readTime":1519340,"writeTime":45063640,"iopsInProgress":0,"ioTime":3663930,"weightedIO":46543310,"name":"mmcblk0","serialNumber":"","label":""}
#IO mmcblk0p1:{"readCount":104,"mergedReadCount":4,"writeCount":1,"mergedWriteCount":0,"readBytes":1253376,"writeBytes":512,"readTime":440,"writeTime":20,"iopsInProgress":0,"ioTime":330,"weightedIO":430,"name":"mmcblk0p1","serialNumber":"","label":""}
#IO mmcblk0p2:{"readCount":224231,"mergedReadCount":29959,"writeCount":1320377,"mergedWriteCount":174209,"readBytes":6021448704,"writeBytes":7479853056,"readTime":1518310,"writeTime":45063620,"iopsInProgress":0,"ioTime":3663430,"weightedIO":46542770,"name":"mmcblk0p2","serialNumber":"","label":""}
########################################################################
#CPU PERCENT:[22.09302326112631]
#MEM INFO:{"total":59002880,"available":27906048,"used":27656192,"usedPercent":46.87261367580701,"free":6287360,"active":20918272,"inactive":8118272,"wired":0,"laundry":0,"buffers":352256,"cached":24707072,"writeback":0,"dirty":172032,"writebacktmp":0,"shared":8192,"slab":6819840,"sreclaimable":1699840,"sunreclaim":5120000,"pagetables":839680,"swapcached":1048576,"commitlimit":130158592,"committedas":146051072,"hightotal":0,"highfree":0,"lowtotal":0,"lowfree":0,"swaptotal":100659200,"swapfree":82096128,"mapped":17977344,"vmalloctotal":989855744,"vmallocused":0,"vmallocchunk":0,"hugepagestotal":0,"hugepagesfree":0,"hugepagesize":0}
#IO mmcblk0p1:{"readCount":104,"mergedReadCount":4,"writeCount":1,"mergedWriteCount":0,"readBytes":1253376,"writeBytes":512,"readTime":440,"writeTime":20,"iopsInProgress":0,"ioTime":330,"weightedIO":430,"name":"mmcblk0p1","serialNumber":"","label":""}
#IO mmcblk0p2:{"readCount":224241,"mergedReadCount":29959,"writeCount":1320434,"mergedWriteCount":174231,"readBytes":6021751808,"writeBytes":7480221696,"readTime":1518390,"writeTime":45065790,"iopsInProgress":0,"ioTime":3663630,"weightedIO":46545020,"name":"mmcblk0p2","serialNumber":"","label":""}
#IO zram0:{"readCount":152372,"mergedReadCount":0,"writeCount":419108,"mergedWriteCount":0,"readBytes":624115712,"writeBytes":1716449280,"readTime":74120,"writeTime":663990,"iopsInProgress":0,"ioTime":489420,"weightedIO":738350,"name":"zram0","serialNumber":"","label":""}
#IO mmcblk0:{"readCount":224440,"mergedReadCount":29963,"writeCount":1320435,"mergedWriteCount":174231,"readBytes":6026744832,"writeBytes":7480222208,"readTime":1519420,"writeTime":45065810,"iopsInProgress":0,"ioTime":3664130,"weightedIO":46545560,"name":"mmcblk0","serialNumber":"","label":""}
########################################################################
#CPU PERCENT:[45.977011489350325]
#MEM INFO:{"total":59002880,"available":27185152,"used":28372992,"usedPercent":48.087469628601184,"free":1478656,"active":22913024,"inactive":10956800,"wired":0,"laundry":0,"buffers":262144,"cached":28889088,"writeback":0,"dirty":184320,"writebacktmp":0,"shared":12288,"slab":6819840,"sreclaimable":1699840,"sunreclaim":5120000,"pagetables":831488,"swapcached":1155072,"commitlimit":130158592,"committedas":146051072,"hightotal":0,"highfree":0,"lowtotal":0,"lowfree":0,"swaptotal":100659200,"swapfree":82096128,"mapped":18976768,"vmalloctotal":989855744,"vmallocused":0,"vmallocchunk":0,"hugepagestotal":0,"hugepagesfree":0,"hugepagesize":0}
#IO zram0:{"readCount":152411,"mergedReadCount":0,"writeCount":419111,"mergedWriteCount":0,"readBytes":624275456,"writeBytes":1716461568,"readTime":74130,"writeTime":664000,"iopsInProgress":0,"ioTime":489440,"weightedIO":738370,"name":"zram0","serialNumber":"","label":""}
#IO mmcblk0:{"readCount":224587,"mergedReadCount":29963,"writeCount":1320489,"mergedWriteCount":174253,"readBytes":6031545344,"writeBytes":7480574464,"readTime":1520100,"writeTime":45066970,"iopsInProgress":0,"ioTime":3664660,"weightedIO":46547390,"name":"mmcblk0","serialNumber":"","label":""}
#IO mmcblk0p1:{"readCount":104,"mergedReadCount":4,"writeCount":1,"mergedWriteCount":0,"readBytes":1253376,"writeBytes":512,"readTime":440,"writeTime":20,"iopsInProgress":0,"ioTime":330,"weightedIO":430,"name":"mmcblk0p1","serialNumber":"","label":""}
#IO mmcblk0p2:{"readCount":224388,"mergedReadCount":29959,"writeCount":1320488,"mergedWriteCount":174253,"readBytes":6026552320,"writeBytes":7480573952,"readTime":1519070,"writeTime":45066950,"iopsInProgress":0,"ioTime":3664160,"weightedIO":46546850,"name":"mmcblk0p2","serialNumber":"","label":""}
########################################################################
#CPU PERCENT:[31.39534883225111]
#MEM INFO:{"total":59002880,"available":27525120,"used":28033024,"usedPercent":47.511280805275945,"free":5681152,"active":20377600,"inactive":9293824,"wired":0,"laundry":0,"buffers":307200,"cached":24981504,"writeback":0,"dirty":217088,"writebacktmp":0,"shared":12288,"slab":6819840,"sreclaimable":1699840,"sunreclaim":5120000,"pagetables":839680,"swapcached":1155072,"commitlimit":130158592,"committedas":146051072,"hightotal":0,"highfree":0,"lowtotal":0,"lowfree":0,"swaptotal":100659200,"swapfree":82096128,"mapped":18550784,"vmalloctotal":989855744,"vmallocused":0,"vmallocchunk":0,"hugepagestotal":0,"hugepagesfree":0,"hugepagesize":0}
#IO zram0:{"readCount":152412,"mergedReadCount":0,"writeCount":419112,"mergedWriteCount":0,"readBytes":624279552,"writeBytes":1716465664,"readTime":74130,"writeTime":664000,"iopsInProgress":0,"ioTime":489440,"weightedIO":738370,"name":"zram0","serialNumber":"","label":""}
#IO mmcblk0:{"readCount":224604,"mergedReadCount":29963,"writeCount":1320549,"mergedWriteCount":174285,"readBytes":6032008192,"writeBytes":7481000448,"readTime":1520230,"writeTime":45068550,"iopsInProgress":0,"ioTime":3664920,"weightedIO":46549100,"name":"mmcblk0","serialNumber":"","label":""}
#IO mmcblk0p1:{"readCount":104,"mergedReadCount":4,"writeCount":1,"mergedWriteCount":0,"readBytes":1253376,"writeBytes":512,"readTime":440,"writeTime":20,"iopsInProgress":0,"ioTime":330,"weightedIO":430,"name":"mmcblk0p1","serialNumber":"","label":""}
#IO mmcblk0p2:{"readCount":224405,"mergedReadCount":29959,"writeCount":1320548,"mergedWriteCount":174285,"readBytes":6027015168,"writeBytes":7480999936,"readTime":1519200,"writeTime":45068530,"iopsInProgress":0,"ioTime":3664420,"weightedIO":46548560,"name":"mmcblk0p2","serialNumber":"","label":""}
########################################################################
#CPU PERCENT:[15.662650597171032]
#MEM INFO:{"total":59002880,"available":27820032,"used":27738112,"usedPercent":47.01145435612635,"free":6074368,"active":20942848,"inactive":8327168,"wired":0,"laundry":0,"buffers":331776,"cached":24858624,"writeback":0,"dirty":188416,"writebacktmp":0,"shared":12288,"slab":6819840,"sreclaimable":1699840,"sunreclaim":5120000,"pagetables":839680,"swapcached":1155072,"commitlimit":130158592,"committedas":146051072,"hightotal":0,"highfree":0,"lowtotal":0,"lowfree":0,"swaptotal":100659200,"swapfree":82096128,"mapped":18735104,"vmalloctotal":989855744,"vmallocused":0,"vmallocchunk":0,"hugepagestotal":0,"hugepagesfree":0,"hugepagesize":0}
#IO zram0:{"readCount":152414,"mergedReadCount":0,"writeCount":419112,"mergedWriteCount":0,"readBytes":624287744,"writeBytes":1716465664,"readTime":74130,"writeTime":664000,"iopsInProgress":0,"ioTime":489440,"weightedIO":738370,"name":"zram0","serialNumber":"","label":""}
#IO mmcblk0:{"readCount":224622,"mergedReadCount":29963,"writeCount":1320598,"mergedWriteCount":174303,"readBytes":6032323584,"writeBytes":7481319936,"readTime":1520360,"writeTime":45070430,"iopsInProgress":0,"ioTime":3665100,"weightedIO":46551110,"name":"mmcblk0","serialNumber":"","label":""}
#IO mmcblk0p1:{"readCount":104,"mergedReadCount":4,"writeCount":1,"mergedWriteCount":0,"readBytes":1253376,"writeBytes":512,"readTime":440,"writeTime":20,"iopsInProgress":0,"ioTime":330,"weightedIO":430,"name":"mmcblk0p1","serialNumber":"","label":""}
#IO mmcblk0p2:{"readCount":224423,"mergedReadCount":29959,"writeCount":1320597,"mergedWriteCount":174303,"readBytes":6027330560,"writeBytes":7481319424,"readTime":1519330,"writeTime":45070410,"iopsInProgress":0,"ioTime":3664600,"weightedIO":46550570,"name":"mmcblk0p2","serialNumber":"","label":""}
########################################################################
#CPU PERCENT:[16.666666666666664]
#MEM INFO:{"total":59002880,"available":27742208,"used":27815936,"usedPercent":47.14335300242971,"free":6291456,"active":21188608,"inactive":7827456,"wired":0,"laundry":0,"buffers":372736,"cached":24522752,"writeback":0,"dirty":172032,"writebacktmp":0,"shared":12288,"slab":6819840,"sreclaimable":1699840,"sunreclaim":5120000,"pagetables":831488,"swapcached":1163264,"commitlimit":130158592,"committedas":146051072,"hightotal":0,"highfree":0,"lowtotal":0,"lowfree":0,"swaptotal":100659200,"swapfree":82096128,"mapped":18866176,"vmalloctotal":989855744,"vmallocused":0,"vmallocchunk":0,"hugepagestotal":0,"hugepagesfree":0,"hugepagesize":0}
#IO mmcblk0:{"readCount":224625,"mergedReadCount":29963,"writeCount":1320676,"mergedWriteCount":174327,"readBytes":6032376832,"writeBytes":7481819648,"readTime":1520380,"writeTime":45073750,"iopsInProgress":0,"ioTime":3665470,"weightedIO":46554450,"name":"mmcblk0","serialNumber":"","label":""}
#IO mmcblk0p1:{"readCount":104,"mergedReadCount":4,"writeCount":1,"mergedWriteCount":0,"readBytes":1253376,"writeBytes":512,"readTime":440,"writeTime":20,"iopsInProgress":0,"ioTime":330,"weightedIO":430,"name":"mmcblk0p1","serialNumber":"","label":""}
#IO mmcblk0p2:{"readCount":224426,"mergedReadCount":29959,"writeCount":1320675,"mergedWriteCount":174327,"readBytes":6027383808,"writeBytes":7481819136,"readTime":1519350,"writeTime":45073730,"iopsInProgress":0,"ioTime":3664970,"weightedIO":46553910,"name":"mmcblk0p2","serialNumber":"","label":""}
#IO zram0:{"readCount":152416,"mergedReadCount":0,"writeCount":419116,"mergedWriteCount":0,"readBytes":624295936,"writeBytes":1716482048,"readTime":74130,"writeTime":664020,"iopsInProgress":0,"ioTime":489460,"weightedIO":738390,"name":"zram0","serialNumber":"","label":""}
########################################################################
#CPU PERCENT:[29.41176470265978]
#MEM INFO:{"total":59002880,"available":26148864,"used":29409280,"usedPercent":49.84380423464075,"free":4390912,"active":22962176,"inactive":7868416,"wired":0,"laundry":0,"buffers":544768,"cached":24657920,"writeback":0,"dirty":208896,"writebacktmp":0,"shared":12288,"slab":6819840,"sreclaimable":1699840,"sunreclaim":5120000,"pagetables":909312,"swapcached":1163264,"commitlimit":130158592,"committedas":153640960,"hightotal":0,"highfree":0,"lowtotal":0,"lowfree":0,"swaptotal":100659200,"swapfree":82096128,"mapped":19193856,"vmalloctotal":989855744,"vmallocused":0,"vmallocchunk":0,"hugepagestotal":0,"hugepagesfree":0,"hugepagesize":0}
#IO zram0:{"readCount":152418,"mergedReadCount":0,"writeCount":419116,"mergedWriteCount":0,"readBytes":624304128,"writeBytes":1716482048,"readTime":74130,"writeTime":664020,"iopsInProgress":0,"ioTime":489460,"weightedIO":738390,"name":"zram0","serialNumber":"","label":""}
#IO mmcblk0:{"readCount":224653,"mergedReadCount":29971,"writeCount":1320728,"mergedWriteCount":174350,"readBytes":6032651264,"writeBytes":7482167808,"readTime":1520390,"writeTime":45075650,"iopsInProgress":0,"ioTime":3665710,"weightedIO":46556360,"name":"mmcblk0","serialNumber":"","label":""}
#IO mmcblk0p1:{"readCount":104,"mergedReadCount":4,"writeCount":1,"mergedWriteCount":0,"readBytes":1253376,"writeBytes":512,"readTime":440,"writeTime":20,"iopsInProgress":0,"ioTime":330,"weightedIO":430,"name":"mmcblk0p1","serialNumber":"","label":""}
#IO mmcblk0p2:{"readCount":224454,"mergedReadCount":29967,"writeCount":1320727,"mergedWriteCount":174350,"readBytes":6027658240,"writeBytes":7482167296,"readTime":1519360,"writeTime":45075630,"iopsInProgress":0,"ioTime":3665210,"weightedIO":46555820,"name":"mmcblk0p2","serialNumber":"","label":""}
########################################################################
#CPU PERCENT:[76.8421052491945]
#MEM INFO:{"total":59002880,"available":26472448,"used":29089792,"usedPercent":49.30232558139535,"free":9666560,"active":17969152,"inactive":7725056,"wired":0,"laundry":0,"buffers":401408,"cached":19845120,"writeback":0,"dirty":184320,"writebacktmp":0,"shared":8192,"slab":6819840,"sreclaimable":1699840,"sunreclaim":5120000,"pagetables":839680,"swapcached":1036288,"commitlimit":130158592,"committedas":146051072,"hightotal":0,"highfree":0,"lowtotal":0,"lowfree":0,"swaptotal":100659200,"swapfree":82096128,"mapped":15532032,"vmalloctotal":989855744,"vmallocused":0,"vmallocchunk":0,"hugepagestotal":0,"hugepagesfree":0,"hugepagesize":0}
#IO mmcblk0p1:{"readCount":104,"mergedReadCount":4,"writeCount":1,"mergedWriteCount":0,"readBytes":1253376,"writeBytes":512,"readTime":440,"writeTime":20,"iopsInProgress":0,"ioTime":330,"weightedIO":430,"name":"mmcblk0p1","serialNumber":"","label":""}
#IO mmcblk0p2:{"readCount":224525,"mergedReadCount":29967,"writeCount":1320800,"mergedWriteCount":174374,"readBytes":6029296640,"writeBytes":7482646528,"readTime":1519800,"writeTime":45078500,"iopsInProgress":0,"ioTime":3665650,"weightedIO":46559130,"name":"mmcblk0p2","serialNumber":"","label":""}
#IO zram0:{"readCount":152418,"mergedReadCount":0,"writeCount":419172,"mergedWriteCount":0,"readBytes":624304128,"writeBytes":1716711424,"readTime":74130,"writeTime":664090,"iopsInProgress":0,"ioTime":489530,"weightedIO":738460,"name":"zram0","serialNumber":"","label":""}
#IO mmcblk0:{"readCount":224724,"mergedReadCount":29971,"writeCount":1320801,"mergedWriteCount":174374,"readBytes":6034289664,"writeBytes":7482647040,"readTime":1520830,"writeTime":45078520,"iopsInProgress":0,"ioTime":3666150,"weightedIO":46559670,"name":"mmcblk0","serialNumber":"","label":""}
########################################################################
#CPU PERCENT:[51.648351626807575]
#MEM INFO:{"total":59002880,"available":27324416,"used":28237824,"usedPercent":47.85838250607428,"free":10002432,"active":21168128,"inactive":4194304,"wired":0,"laundry":0,"buffers":430080,"cached":20332544,"writeback":0,"dirty":180224,"writebacktmp":0,"shared":8192,"slab":6819840,"sreclaimable":1699840,"sunreclaim":5120000,"pagetables":839680,"swapcached":1036288,"commitlimit":130158592,"committedas":146051072,"hightotal":0,"highfree":0,"lowtotal":0,"lowfree":0,"swaptotal":100659200,"swapfree":82096128,"mapped":15835136,"vmalloctotal":989855744,"vmallocused":0,"vmallocchunk":0,"hugepagestotal":0,"hugepagesfree":0,"hugepagesize":0}
#IO mmcblk0:{"readCount":224742,"mergedReadCount":29971,"writeCount":1320853,"mergedWriteCount":174397,"readBytes":6034772992,"writeBytes":7482999296,"readTime":1520950,"writeTime":45080080,"iopsInProgress":0,"ioTime":3666320,"weightedIO":46561350,"name":"mmcblk0","serialNumber":"","label":""}
#IO mmcblk0p1:{"readCount":104,"mergedReadCount":4,"writeCount":1,"mergedWriteCount":0,"readBytes":1253376,"writeBytes":512,"readTime":440,"writeTime":20,"iopsInProgress":0,"ioTime":330,"weightedIO":430,"name":"mmcblk0p1","serialNumber":"","label":""}
#IO mmcblk0p2:{"readCount":224543,"mergedReadCount":29967,"writeCount":1320852,"mergedWriteCount":174397,"readBytes":6029779968,"writeBytes":7482998784,"readTime":1519920,"writeTime":45080060,"iopsInProgress":0,"ioTime":3665820,"weightedIO":46560810,"name":"mmcblk0p2","serialNumber":"","label":""}
#IO zram0:{"readCount":152418,"mergedReadCount":0,"writeCount":419172,"mergedWriteCount":0,"readBytes":624304128,"writeBytes":1716711424,"readTime":74130,"writeTime":664090,"iopsInProgress":0,"ioTime":489530,"weightedIO":738460,"name":"zram0","serialNumber":"","label":""}
########################################################################
#CPU PERCENT:[75.78947368651626]
#MEM INFO:{"total":59002880,"available":26955776,"used":28606464,"usedPercent":48.483165567511286,"free":9170944,"active":21925888,"inactive":4313088,"wired":0,"laundry":0,"buffers":471040,"cached":20754432,"writeback":0,"dirty":217088,"writebacktmp":0,"shared":8192,"slab":6819840,"sreclaimable":1699840,"sunreclaim":5120000,"pagetables":843776,"swapcached":1036288,"commitlimit":130158592,"committedas":146051072,"hightotal":0,"highfree":0,"lowtotal":0,"lowfree":0,"swaptotal":100659200,"swapfree":82358272,"mapped":16003072,"vmalloctotal":989855744,"vmallocused":0,"vmallocchunk":0,"hugepagestotal":0,"hugepagesfree":0,"hugepagesize":0}
#IO mmcblk0p1:{"readCount":104,"mergedReadCount":4,"writeCount":1,"mergedWriteCount":0,"readBytes":1253376,"writeBytes":512,"readTime":440,"writeTime":20,"iopsInProgress":0,"ioTime":330,"weightedIO":430,"name":"mmcblk0p1","serialNumber":"","label":""}
#IO mmcblk0p2:{"readCount":224554,"mergedReadCount":29967,"writeCount":1320909,"mergedWriteCount":174426,"readBytes":6030201856,"writeBytes":7483387904,"readTime":1520030,"writeTime":45081590,"iopsInProgress":0,"ioTime":3666090,"weightedIO":46562440,"name":"mmcblk0p2","serialNumber":"","label":""}
#IO zram0:{"readCount":152419,"mergedReadCount":0,"writeCount":419172,"mergedWriteCount":0,"readBytes":624308224,"writeBytes":1716711424,"readTime":74130,"writeTime":664090,"iopsInProgress":0,"ioTime":489530,"weightedIO":738460,"name":"zram0","serialNumber":"","label":""}
#IO mmcblk0:{"readCount":224753,"mergedReadCount":29971,"writeCount":1320910,"mergedWriteCount":174426,"readBytes":6035194880,"writeBytes":7483388416,"readTime":1521060,"writeTime":45081610,"iopsInProgress":0,"ioTime":3666590,"weightedIO":46562980,"name":"mmcblk0","serialNumber":"","label":""}
########################################################################
#CPU PERCENT:[57.30337077589823]
#MEM INFO:{"total":59002880,"available":27131904,"used":28430336,"usedPercent":48.18465810482471,"free":9048064,"active":21905408,"inactive":4448256,"wired":0,"laundry":0,"buffers":499712,"cached":21024768,"writeback":0,"dirty":172032,"writebacktmp":0,"shared":8192,"slab":6819840,"sreclaimable":1699840,"sunreclaim":5120000,"pagetables":827392,"swapcached":1032192,"commitlimit":130158592,"committedas":146051072,"hightotal":0,"highfree":0,"lowtotal":0,"lowfree":0,"swaptotal":100659200,"swapfree":82358272,"mapped":16187392,"vmalloctotal":989855744,"vmallocused":0,"vmallocchunk":0,"hugepagestotal":0,"hugepagesfree":0,"hugepagesize":0}
#IO zram0:{"readCount":152420,"mergedReadCount":0,"writeCount":419172,"mergedWriteCount":0,"readBytes":624312320,"writeBytes":1716711424,"readTime":74130,"writeTime":664090,"iopsInProgress":0,"ioTime":489530,"weightedIO":738460,"name":"zram0","serialNumber":"","label":""}
#IO mmcblk0:{"readCount":224766,"mergedReadCount":29971,"writeCount":1320962,"mergedWriteCount":174448,"readBytes":6035461120,"writeBytes":7483740672,"readTime":1521180,"writeTime":45084250,"iopsInProgress":0,"ioTime":3666800,"weightedIO":46565740,"name":"mmcblk0","serialNumber":"","label":""}
#IO mmcblk0p1:{"readCount":104,"mergedReadCount":4,"writeCount":1,"mergedWriteCount":0,"readBytes":1253376,"writeBytes":512,"readTime":440,"writeTime":20,"iopsInProgress":0,"ioTime":330,"weightedIO":430,"name":"mmcblk0p1","serialNumber":"","label":""}
#IO mmcblk0p2:{"readCount":224567,"mergedReadCount":29967,"writeCount":1320961,"mergedWriteCount":174448,"readBytes":6030468096,"writeBytes":7483740160,"readTime":1520150,"writeTime":45084230,"iopsInProgress":0,"ioTime":3666300,"weightedIO":46565200,"name":"mmcblk0p2","serialNumber":"","label":""}
########################################################################
#CPU PERCENT:[39.08045977515207]
#MEM INFO:{"total":59002880,"available":27578368,"used":27983872,"usedPercent":47.42797639708435,"free":9080832,"active":21647360,"inactive":4653056,"wired":0,"laundry":0,"buffers":524288,"cached":21413888,"writeback":0,"dirty":180224,"writebacktmp":0,"shared":8192,"slab":6815744,"sreclaimable":1699840,"sunreclaim":5115904,"pagetables":831488,"swapcached":1032192,"commitlimit":130158592,"committedas":146051072,"hightotal":0,"highfree":0,"lowtotal":0,"lowfree":0,"swaptotal":100659200,"swapfree":82358272,"mapped":16609280,"vmalloctotal":989855744,"vmallocused":0,"vmallocchunk":0,"hugepagestotal":0,"hugepagesfree":0,"hugepagesize":0}
#IO zram0:{"readCount":152420,"mergedReadCount":0,"writeCount":419172,"mergedWriteCount":0,"readBytes":624312320,"writeBytes":1716711424,"readTime":74130,"writeTime":664090,"iopsInProgress":0,"ioTime":489530,"weightedIO":738460,"name":"zram0","serialNumber":"","label":""}
#IO mmcblk0:{"readCount":224779,"mergedReadCount":29971,"writeCount":1321010,"mergedWriteCount":174468,"readBytes":6035850240,"writeBytes":7484056064,"readTime":1521240,"writeTime":45085500,"iopsInProgress":0,"ioTime":3666950,"weightedIO":46567050,"name":"mmcblk0","serialNumber":"","label":""}
#IO mmcblk0p1:{"readCount":104,"mergedReadCount":4,"writeCount":1,"mergedWriteCount":0,"readBytes":1253376,"writeBytes":512,"readTime":440,"writeTime":20,"iopsInProgress":0,"ioTime":330,"weightedIO":430,"name":"mmcblk0p1","serialNumber":"","label":""}
#IO mmcblk0p2:{"readCount":224580,"mergedReadCount":29967,"writeCount":1321009,"mergedWriteCount":174468,"readBytes":6030857216,"writeBytes":7484055552,"readTime":1520210,"writeTime":45085480,"iopsInProgress":0,"ioTime":3666450,"weightedIO":46566510,"name":"mmcblk0p2","serialNumber":"","label":""}
########################################################################
#CPU PERCENT:[76.34408602598081]
#MEM INFO:{"total":59002880,"available":26439680,"used":29122560,"usedPercent":49.35786185352308,"free":7749632,"active":22937600,"inactive":4710400,"wired":0,"laundry":0,"buffers":569344,"cached":21561344,"writeback":0,"dirty":208896,"writebacktmp":0,"shared":8192,"slab":6815744,"sreclaimable":1699840,"sunreclaim":5115904,"pagetables":839680,"swapcached":1032192,"commitlimit":130158592,"committedas":146051072,"hightotal":0,"highfree":0,"lowtotal":0,"lowfree":0,"swaptotal":100659200,"swapfree":82358272,"mapped":16908288,"vmalloctotal":989855744,"vmallocused":0,"vmallocchunk":0,"hugepagestotal":0,"hugepagesfree":0,"hugepagesize":0}
#IO zram0:{"readCount":152420,"mergedReadCount":0,"writeCount":419172,"mergedWriteCount":0,"readBytes":624312320,"writeBytes":1716711424,"readTime":74130,"writeTime":664090,"iopsInProgress":0,"ioTime":489530,"weightedIO":738460,"name":"zram0","serialNumber":"","label":""}
#IO mmcblk0:{"readCount":224793,"mergedReadCount":29971,"writeCount":1321067,"mergedWriteCount":174501,"readBytes":6035993600,"writeBytes":7484469760,"readTime":1521290,"writeTime":45086380,"iopsInProgress":0,"ioTime":3667120,"weightedIO":46567970,"name":"mmcblk0","serialNumber":"","label":""}
#IO mmcblk0p1:{"readCount":104,"mergedReadCount":4,"writeCount":1,"mergedWriteCount":0,"readBytes":1253376,"writeBytes":512,"readTime":440,"writeTime":20,"iopsInProgress":0,"ioTime":330,"weightedIO":430,"name":"mmcblk0p1","serialNumber":"","label":""}
#IO mmcblk0p2:{"readCount":224594,"mergedReadCount":29967,"writeCount":1321066,"mergedWriteCount":174501,"readBytes":6031000576,"writeBytes":7484469248,"readTime":1520260,"writeTime":45086360,"iopsInProgress":0,"ioTime":3666620,"weightedIO":46567430,"name":"mmcblk0p2","serialNumber":"","label":""}
########################################################################
#CPU PERCENT:[69.89247312255311]
#MEM INFO:{"total":59002880,"available":26710016,"used":28852224,"usedPercent":48.899687608469286,"free":7954432,"active":22728704,"inactive":4714496,"wired":0,"laundry":0,"buffers":593920,"cached":21602304,"writeback":0,"dirty":184320,"writebacktmp":0,"shared":8192,"slab":6815744,"sreclaimable":1699840,"sunreclaim":5115904,"pagetables":843776,"swapcached":1032192,"commitlimit":130158592,"committedas":146051072,"hightotal":0,"highfree":0,"lowtotal":0,"lowfree":0,"swaptotal":100659200,"swapfree":82358272,"mapped":16916480,"vmalloctotal":989855744,"vmallocused":0,"vmallocchunk":0,"hugepagestotal":0,"hugepagesfree":0,"hugepagesize":0}
#IO zram0:{"readCount":152420,"mergedReadCount":0,"writeCount":419172,"mergedWriteCount":0,"readBytes":624312320,"writeBytes":1716711424,"readTime":74130,"writeTime":664090,"iopsInProgress":0,"ioTime":489530,"weightedIO":738460,"name":"zram0","serialNumber":"","label":""}
#IO mmcblk0:{"readCount":224794,"mergedReadCount":29971,"writeCount":1321116,"mergedWriteCount":174519,"readBytes":6036034560,"writeBytes":7484785152,"readTime":1521300,"writeTime":45087530,"iopsInProgress":0,"ioTime":3667220,"weightedIO":46569130,"name":"mmcblk0","serialNumber":"","label":""}
#IO mmcblk0p1:{"readCount":104,"mergedReadCount":4,"writeCount":1,"mergedWriteCount":0,"readBytes":1253376,"writeBytes":512,"readTime":440,"writeTime":20,"iopsInProgress":0,"ioTime":330,"weightedIO":430,"name":"mmcblk0p1","serialNumber":"","label":""}
#IO mmcblk0p2:{"readCount":224595,"mergedReadCount":29967,"writeCount":1321115,"mergedWriteCount":174519,"readBytes":6031041536,"writeBytes":7484784640,"readTime":1520270,"writeTime":45087510,"iopsInProgress":0,"ioTime":3666720,"weightedIO":46568590,"name":"mmcblk0p2","serialNumber":"","label":""}
########################################################################
#CPU PERCENT:[69.14893619083182]
#MEM INFO:{"total":59002880,"available":26714112,"used":28848128,"usedPercent":48.892745574453315,"free":6950912,"active":23212032,"inactive":5189632,"wired":0,"laundry":0,"buffers":774144,"cached":22429696,"writeback":0,"dirty":192512,"writebacktmp":0,"shared":8192,"slab":6815744,"sreclaimable":1699840,"sunreclaim":5115904,"pagetables":843776,"swapcached":1032192,"commitlimit":130158592,"committedas":146051072,"hightotal":0,"highfree":0,"lowtotal":0,"lowfree":0,"swaptotal":100659200,"swapfree":82358272,"mapped":17416192,"vmalloctotal":989855744,"vmallocused":0,"vmallocchunk":0,"hugepagestotal":0,"hugepagesfree":0,"hugepagesize":0}
#IO mmcblk0p1:{"readCount":104,"mergedReadCount":4,"writeCount":1,"mergedWriteCount":0,"readBytes":1253376,"writeBytes":512,"readTime":440,"writeTime":20,"iopsInProgress":0,"ioTime":330,"weightedIO":430,"name":"mmcblk0p1","serialNumber":"","label":""}
#IO mmcblk0p2:{"readCount":224653,"mergedReadCount":29984,"writeCount":1321205,"mergedWriteCount":174555,"readBytes":6031852544,"writeBytes":7485374464,"readTime":1520730,"writeTime":45089190,"iopsInProgress":0,"ioTime":3667050,"weightedIO":46570720,"name":"mmcblk0p2","serialNumber":"","label":""}
#IO zram0:{"readCount":152420,"mergedReadCount":0,"writeCount":419172,"mergedWriteCount":0,"readBytes":624312320,"writeBytes":1716711424,"readTime":74130,"writeTime":664090,"iopsInProgress":0,"ioTime":489530,"weightedIO":738460,"name":"zram0","serialNumber":"","label":""}
#IO mmcblk0:{"readCount":224852,"mergedReadCount":29988,"writeCount":1321206,"mergedWriteCount":174555,"readBytes":6036845568,"writeBytes":7485374976,"readTime":1521760,"writeTime":45089210,"iopsInProgress":0,"ioTime":3667550,"weightedIO":46571260,"name":"mmcblk0","serialNumber":"","label":""}
########################################################################
#CPU PERCENT:[72.34042553547218]
#MEM INFO:{"total":59002880,"available":26689536,"used":28872704,"usedPercent":48.93439777854912,"free":6881280,"active":23281664,"inactive":5193728,"wired":0,"laundry":0,"buffers":819200,"cached":22429696,"writeback":0,"dirty":212992,"writebacktmp":0,"shared":8192,"slab":6815744,"sreclaimable":1699840,"sunreclaim":5115904,"pagetables":835584,"swapcached":1032192,"commitlimit":130158592,"committedas":146051072,"hightotal":0,"highfree":0,"lowtotal":0,"lowfree":0,"swaptotal":100659200,"swapfree":82358272,"mapped":17420288,"vmalloctotal":989855744,"vmallocused":0,"vmallocchunk":0,"hugepagestotal":0,"hugepagesfree":0,"hugepagesize":0}
#IO zram0:{"readCount":152421,"mergedReadCount":0,"writeCount":419172,"mergedWriteCount":0,"readBytes":624316416,"writeBytes":1716711424,"readTime":74130,"writeTime":664090,"iopsInProgress":0,"ioTime":489530,"weightedIO":738460,"name":"zram0","serialNumber":"","label":""}
#IO mmcblk0:{"readCount":224852,"mergedReadCount":29988,"writeCount":1321267,"mergedWriteCount":174587,"readBytes":6036845568,"writeBytes":7485796864,"readTime":1521760,"writeTime":45090110,"iopsInProgress":0,"ioTime":3667710,"weightedIO":46572160,"name":"mmcblk0","serialNumber":"","label":""}
#IO mmcblk0p1:{"readCount":104,"mergedReadCount":4,"writeCount":1,"mergedWriteCount":0,"readBytes":1253376,"writeBytes":512,"readTime":440,"writeTime":20,"iopsInProgress":0,"ioTime":330,"weightedIO":430,"name":"mmcblk0p1","serialNumber":"","label":""}
#IO mmcblk0p2:{"readCount":224653,"mergedReadCount":29984,"writeCount":1321266,"mergedWriteCount":174587,"readBytes":6031852544,"writeBytes":7485796352,"readTime":1520730,"writeTime":45090090,"iopsInProgress":0,"ioTime":3667210,"weightedIO":46571620,"name":"mmcblk0p2","serialNumber":"","label":""}
########################################################################
#CPU PERCENT:[59.78260871277612]
#MEM INFO:{"total":59002880,"available":27090944,"used":28471296,"usedPercent":48.25407844498438,"free":7249920,"active":22937600,"inactive":5197824,"wired":0,"laundry":0,"buffers":847872,"cached":22433792,"writeback":0,"dirty":184320,"writebacktmp":0,"shared":8192,"slab":6815744,"sreclaimable":1699840,"sunreclaim":5115904,"pagetables":827392,"swapcached":1032192,"commitlimit":130158592,"committedas":146051072,"hightotal":0,"highfree":0,"lowtotal":0,"lowfree":0,"swaptotal":100659200,"swapfree":82358272,"mapped":17379328,"vmalloctotal":989855744,"vmallocused":0,"vmallocchunk":0,"hugepagestotal":0,"hugepagesfree":0,"hugepagesize":0}
#IO mmcblk0p2:{"readCount":224653,"mergedReadCount":29984,"writeCount":1321321,"mergedWriteCount":174609,"readBytes":6031852544,"writeBytes":7486148608,"readTime":1520730,"writeTime":45092060,"iopsInProgress":0,"ioTime":3667430,"weightedIO":46573590,"name":"mmcblk0p2","serialNumber":"","label":""}
#IO zram0:{"readCount":152421,"mergedReadCount":0,"writeCount":419172,"mergedWriteCount":0,"readBytes":624316416,"writeBytes":1716711424,"readTime":74130,"writeTime":664090,"iopsInProgress":0,"ioTime":489530,"weightedIO":738460,"name":"zram0","serialNumber":"","label":""}
#IO mmcblk0:{"readCount":224852,"mergedReadCount":29988,"writeCount":1321322,"mergedWriteCount":174609,"readBytes":6036845568,"writeBytes":7486149120,"readTime":1521760,"writeTime":45092080,"iopsInProgress":0,"ioTime":3667930,"weightedIO":46574130,"name":"mmcblk0","serialNumber":"","label":""}
#IO mmcblk0p1:{"readCount":104,"mergedReadCount":4,"writeCount":1,"mergedWriteCount":0,"readBytes":1253376,"writeBytes":512,"readTime":440,"writeTime":20,"iopsInProgress":0,"ioTime":330,"weightedIO":430,"name":"mmcblk0p1","serialNumber":"","label":""}
########################################################################
#CPU PERCENT:[76.84210526649557]
#MEM INFO:{"total":59002880,"available":26750976,"used":28811264,"usedPercent":48.83026726830961,"free":1327104,"active":24920064,"inactive":9113600,"wired":0,"laundry":0,"buffers":614400,"cached":28250112,"writeback":0,"dirty":188416,"writebacktmp":0,"shared":8192,"slab":6815744,"sreclaimable":1699840,"sunreclaim":5115904,"pagetables":839680,"swapcached":1044480,"commitlimit":130158592,"committedas":146051072,"hightotal":0,"highfree":0,"lowtotal":0,"lowfree":0,"swaptotal":100659200,"swapfree":82358272,"mapped":18612224,"vmalloctotal":989855744,"vmallocused":0,"vmallocchunk":0,"hugepagestotal":0,"hugepagesfree":0,"hugepagesize":0}
#IO zram0:{"readCount":152425,"mergedReadCount":0,"writeCount":419189,"mergedWriteCount":0,"readBytes":624332800,"writeBytes":1716781056,"readTime":74130,"writeTime":664110,"iopsInProgress":0,"ioTime":489550,"weightedIO":738480,"name":"zram0","serialNumber":"","label":""}
#IO mmcblk0:{"readCount":225028,"mergedReadCount":29988,"writeCount":1321379,"mergedWriteCount":174630,"readBytes":6042829824,"writeBytes":7486505472,"readTime":1522570,"writeTime":45092930,"iopsInProgress":0,"ioTime":3668610,"weightedIO":46575780,"name":"mmcblk0","serialNumber":"","label":""}
#IO mmcblk0p1:{"readCount":104,"mergedReadCount":4,"writeCount":1,"mergedWriteCount":0,"readBytes":1253376,"writeBytes":512,"readTime":440,"writeTime":20,"iopsInProgress":0,"ioTime":330,"weightedIO":430,"name":"mmcblk0p1","serialNumber":"","label":""}
#IO mmcblk0p2:{"readCount":224829,"mergedReadCount":29984,"writeCount":1321378,"mergedWriteCount":174630,"readBytes":6037836800,"writeBytes":7486504960,"readTime":1521540,"writeTime":45092910,"iopsInProgress":0,"ioTime":3668110,"weightedIO":46575240,"name":"mmcblk0p2","serialNumber":"","label":""}
########################################################################
#CPU PERCENT:[55.05617976616873]
#MEM INFO:{"total":59002880,"available":27537408,"used":28024832,"usedPercent":47.49739673724401,"free":5718016,"active":20992000,"inactive":8667136,"wired":0,"laundry":0,"buffers":655360,"cached":24604672,"writeback":0,"dirty":208896,"writebacktmp":0,"shared":8192,"slab":6815744,"sreclaimable":1699840,"sunreclaim":5115904,"pagetables":827392,"swapcached":987136,"commitlimit":130158592,"committedas":146051072,"hightotal":0,"highfree":0,"lowtotal":0,"lowfree":0,"swaptotal":100659200,"swapfree":82096128,"mapped":18141184,"vmalloctotal":989855744,"vmallocused":0,"vmallocchunk":0,"hugepagestotal":0,"hugepagesfree":0,"hugepagesize":0}
#IO zram0:{"readCount":152425,"mergedReadCount":0,"writeCount":419226,"mergedWriteCount":0,"readBytes":624332800,"writeBytes":1716932608,"readTime":74130,"writeTime":664140,"iopsInProgress":0,"ioTime":489580,"weightedIO":738510,"name":"zram0","serialNumber":"","label":""}
#IO mmcblk0:{"readCount":225037,"mergedReadCount":29988,"writeCount":1321437,"mergedWriteCount":174659,"readBytes":6042944512,"writeBytes":7486902784,"readTime":1522610,"writeTime":45093960,"iopsInProgress":0,"ioTime":3668780,"weightedIO":46576850,"name":"mmcblk0","serialNumber":"","label":""}
#IO mmcblk0p1:{"readCount":104,"mergedReadCount":4,"writeCount":1,"mergedWriteCount":0,"readBytes":1253376,"writeBytes":512,"readTime":440,"writeTime":20,"iopsInProgress":0,"ioTime":330,"weightedIO":430,"name":"mmcblk0p1","serialNumber":"","label":""}
#IO mmcblk0p2:{"readCount":224838,"mergedReadCount":29984,"writeCount":1321436,"mergedWriteCount":174659,"readBytes":6037951488,"writeBytes":7486902272,"readTime":1521580,"writeTime":45093940,"iopsInProgress":0,"ioTime":3668280,"weightedIO":46576310,"name":"mmcblk0p2","serialNumber":"","label":""}
########################################################################
#CPU PERCENT:[52.808988771889496]
#MEM INFO:{"total":59002880,"available":27496448,"used":28065792,"usedPercent":47.56681707740368,"free":5378048,"active":22884352,"inactive":7065600,"wired":0,"laundry":0,"buffers":684032,"cached":24875008,"writeback":0,"dirty":184320,"writebacktmp":0,"shared":8192,"slab":6815744,"sreclaimable":1699840,"sunreclaim":5115904,"pagetables":835584,"swapcached":987136,"commitlimit":130158592,"committedas":146051072,"hightotal":0,"highfree":0,"lowtotal":0,"lowfree":0,"swaptotal":100659200,"swapfree":82096128,"mapped":18321408,"vmalloctotal":989855744,"vmallocused":0,"vmallocchunk":0,"hugepagestotal":0,"hugepagesfree":0,"hugepagesize":0}
#IO mmcblk0p2:{"readCount":224852,"mergedReadCount":29984,"writeCount":1321490,"mergedWriteCount":174681,"readBytes":6038152192,"writeBytes":7487254528,"readTime":1521680,"writeTime":45095190,"iopsInProgress":0,"ioTime":3668430,"weightedIO":46577660,"name":"mmcblk0p2","serialNumber":"","label":""}
#IO zram0:{"readCount":152425,"mergedReadCount":0,"writeCount":419226,"mergedWriteCount":0,"readBytes":624332800,"writeBytes":1716932608,"readTime":74130,"writeTime":664140,"iopsInProgress":0,"ioTime":489580,"weightedIO":738510,"name":"zram0","serialNumber":"","label":""}
#IO mmcblk0:{"readCount":225051,"mergedReadCount":29988,"writeCount":1321491,"mergedWriteCount":174681,"readBytes":6043145216,"writeBytes":7487255040,"readTime":1522710,"writeTime":45095210,"iopsInProgress":0,"ioTime":3668930,"weightedIO":46578200,"name":"mmcblk0","serialNumber":"","label":""}
#IO mmcblk0p1:{"readCount":104,"mergedReadCount":4,"writeCount":1,"mergedWriteCount":0,"readBytes":1253376,"writeBytes":512,"readTime":440,"writeTime":20,"iopsInProgress":0,"ioTime":330,"weightedIO":430,"name":"mmcblk0p1","serialNumber":"","label":""}
########################################################################
#CPU PERCENT:[77.41935484582663]
#MEM INFO:{"total":59002880,"available":26648576,"used":28913664,"usedPercent":49.00381811870878,"free":4472832,"active":23834624,"inactive":7065600,"wired":0,"laundry":0,"buffers":708608,"cached":24907776,"writeback":0,"dirty":184320,"writebacktmp":0,"shared":8192,"slab":6815744,"sreclaimable":1699840,"sunreclaim":5115904,"pagetables":839680,"swapcached":987136,"commitlimit":130158592,"committedas":146051072,"hightotal":0,"highfree":0,"lowtotal":0,"lowfree":0,"swaptotal":100659200,"swapfree":82096128,"mapped":18419712,"vmalloctotal":989855744,"vmallocused":0,"vmallocchunk":0,"hugepagestotal":0,"hugepagesfree":0,"hugepagesize":0}
#IO zram0:{"readCount":152425,"mergedReadCount":0,"writeCount":419226,"mergedWriteCount":0,"readBytes":624332800,"writeBytes":1716932608,"readTime":74130,"writeTime":664140,"iopsInProgress":0,"ioTime":489580,"weightedIO":738510,"name":"zram0","serialNumber":"","label":""}
#IO mmcblk0:{"readCount":225054,"mergedReadCount":29988,"writeCount":1321543,"mergedWriteCount":174701,"readBytes":6043177984,"writeBytes":7487586816,"readTime":1522710,"writeTime":45096250,"iopsInProgress":0,"ioTime":3669040,"weightedIO":46579240,"name":"mmcblk0","serialNumber":"","label":""}
#IO mmcblk0p1:{"readCount":104,"mergedReadCount":4,"writeCount":1,"mergedWriteCount":0,"readBytes":1253376,"writeBytes":512,"readTime":440,"writeTime":20,"iopsInProgress":0,"ioTime":330,"weightedIO":430,"name":"mmcblk0p1","serialNumber":"","label":""}
#IO mmcblk0p2:{"readCount":224855,"mergedReadCount":29984,"writeCount":1321542,"mergedWriteCount":174701,"readBytes":6038184960,"writeBytes":7487586304,"readTime":1521680,"writeTime":45096230,"iopsInProgress":0,"ioTime":3668540,"weightedIO":46578700,"name":"mmcblk0p2","serialNumber":"","label":""}
########################################################################
#CPU PERCENT:[59.57446807364403]
#MEM INFO:{"total":59002880,"available":27652096,"used":27910144,"usedPercent":47.303019784796945,"free":5730304,"active":21991424,"inactive":7651328,"wired":0,"laundry":0,"buffers":745472,"cached":24616960,"writeback":0,"dirty":217088,"writebacktmp":0,"shared":8192,"slab":6815744,"sreclaimable":1699840,"sunreclaim":5115904,"pagetables":835584,"swapcached":987136,"commitlimit":130158592,"committedas":146051072,"hightotal":0,"highfree":0,"lowtotal":0,"lowfree":0,"swaptotal":100659200,"swapfree":82096128,"mapped":17907712,"vmalloctotal":989855744,"vmallocused":0,"vmallocchunk":0,"hugepagestotal":0,"hugepagesfree":0,"hugepagesize":0}
#IO zram0:{"readCount":152425,"mergedReadCount":0,"writeCount":419226,"mergedWriteCount":0,"readBytes":624332800,"writeBytes":1716932608,"readTime":74130,"writeTime":664140,"iopsInProgress":0,"ioTime":489580,"weightedIO":738510,"name":"zram0","serialNumber":"","label":""}
#IO mmcblk0:{"readCount":225066,"mergedReadCount":29988,"writeCount":1321603,"mergedWriteCount":174734,"readBytes":6043333632,"writeBytes":7488012800,"readTime":1522810,"writeTime":45097450,"iopsInProgress":0,"ioTime":3669240,"weightedIO":46580540,"name":"mmcblk0","serialNumber":"","label":""}
#IO mmcblk0p1:{"readCount":104,"mergedReadCount":4,"writeCount":1,"mergedWriteCount":0,"readBytes":1253376,"writeBytes":512,"readTime":440,"writeTime":20,"iopsInProgress":0,"ioTime":330,"weightedIO":430,"name":"mmcblk0p1","serialNumber":"","label":""}
#IO mmcblk0p2:{"readCount":224867,"mergedReadCount":29984,"writeCount":1321602,"mergedWriteCount":174734,"readBytes":6038340608,"writeBytes":7488012288,"readTime":1521780,"writeTime":45097430,"iopsInProgress":0,"ioTime":3668740,"weightedIO":46580000,"name":"mmcblk0p2","serialNumber":"","label":""}
########################################################################
#CPU PERCENT:[62.63736262947251]
#MEM INFO:{"total":59002880,"available":27131904,"used":28430336,"usedPercent":48.18465810482471,"free":4984832,"active":22781952,"inactive":7643136,"wired":0,"laundry":0,"buffers":921600,"cached":24666112,"writeback":0,"dirty":176128,"writebacktmp":0,"shared":8192,"slab":6815744,"sreclaimable":1699840,"sunreclaim":5115904,"pagetables":831488,"swapcached":991232,"commitlimit":130158592,"committedas":146051072,"hightotal":0,"highfree":0,"lowtotal":0,"lowfree":0,"swaptotal":100659200,"swapfree":82096128,"mapped":18137088,"vmalloctotal":989855744,"vmallocused":0,"vmallocchunk":0,"hugepagestotal":0,"hugepagesfree":0,"hugepagesize":0}
#IO zram0:{"readCount":152426,"mergedReadCount":0,"writeCount":419226,"mergedWriteCount":0,"readBytes":624336896,"writeBytes":1716932608,"readTime":74130,"writeTime":664140,"iopsInProgress":0,"ioTime":489580,"weightedIO":738510,"name":"zram0","serialNumber":"","label":""}
#IO mmcblk0:{"readCount":225077,"mergedReadCount":30014,"writeCount":1321663,"mergedWriteCount":174760,"readBytes":6043513856,"writeBytes":7488397824,"readTime":1522860,"writeTime":45099060,"iopsInProgress":0,"ioTime":3669430,"weightedIO":46582200,"name":"mmcblk0","serialNumber":"","label":""}
#IO mmcblk0p1:{"readCount":104,"mergedReadCount":4,"writeCount":1,"mergedWriteCount":0,"readBytes":1253376,"writeBytes":512,"readTime":440,"writeTime":20,"iopsInProgress":0,"ioTime":330,"weightedIO":430,"name":"mmcblk0p1","serialNumber":"","label":""}
#IO mmcblk0p2:{"readCount":224878,"mergedReadCount":30010,"writeCount":1321662,"mergedWriteCount":174760,"readBytes":6038520832,"writeBytes":7488397312,"readTime":1521830,"writeTime":45099040,"iopsInProgress":0,"ioTime":3668930,"weightedIO":46581660,"name":"mmcblk0p2","serialNumber":"","label":""}
########################################################################
#CPU PERCENT:[47.25274725793119]
#MEM INFO:{"total":59002880,"available":27623424,"used":27901952,"usedPercent":47.28913571676501,"free":5046272,"active":22540288,"inactive":7839744,"wired":0,"laundry":0,"buffers":950272,"cached":25104384,"writeback":0,"dirty":196608,"writebacktmp":0,"shared":8192,"slab":6815744,"sreclaimable":1699840,"sunreclaim":5115904,"pagetables":839680,"swapcached":991232,"commitlimit":130158592,"committedas":146051072,"hightotal":0,"highfree":0,"lowtotal":0,"lowfree":0,"swaptotal":100659200,"swapfree":82096128,"mapped":18153472,"vmalloctotal":989855744,"vmallocused":0,"vmallocchunk":0,"hugepagestotal":0,"hugepagesfree":0,"hugepagesize":0}
#IO zram0:{"readCount":152426,"mergedReadCount":0,"writeCount":419226,"mergedWriteCount":0,"readBytes":624336896,"writeBytes":1716932608,"readTime":74130,"writeTime":664140,"iopsInProgress":0,"ioTime":489580,"weightedIO":738510,"name":"zram0","serialNumber":"","label":""}
#IO mmcblk0:{"readCount":225090,"mergedReadCount":30014,"writeCount":1321717,"mergedWriteCount":174785,"readBytes":6043685888,"writeBytes":7488770560,"readTime":1522940,"writeTime":45099840,"iopsInProgress":0,"ioTime":3669550,"weightedIO":46583060,"name":"mmcblk0","serialNumber":"","label":""}
#IO mmcblk0p1:{"readCount":104,"mergedReadCount":4,"writeCount":1,"mergedWriteCount":0,"readBytes":1253376,"writeBytes":512,"readTime":440,"writeTime":20,"iopsInProgress":0,"ioTime":330,"weightedIO":430,"name":"mmcblk0p1","serialNumber":"","label":""}
#IO mmcblk0p2:{"readCount":224891,"mergedReadCount":30010,"writeCount":1321716,"mergedWriteCount":174785,"readBytes":6038692864,"writeBytes":7488770048,"readTime":1521910,"writeTime":45099820,"iopsInProgress":0,"ioTime":3669050,"weightedIO":46582520,"name":"mmcblk0p2","serialNumber":"","label":""}
